[06:09:00.639] [INFO] Checking the health of your Storybook..
[06:09:00.640] [DEBUG] Getting Storybook info...
[06:09:00.642] [DEBUG] Loading main config...
[06:09:00.726] [DEBUG] Getting stories paths...
[06:09:00.747] [DEBUG] Getting package manager...
[06:09:01.207] [DEBUG] Getting Storybook version...
[06:09:02.287] [WARN] libs/ng/lib-example/.storybook: 1 issue found
[06:09:02.287] [INFO] You are currently using Storybook 9.0.17 but you have packages which are incompatible with it:

- @storybook/addon-essentials@8.6.14 which depends on 8.6.14
 Repo: https://github.com/storybookjs/storybook/tree/next/code/addons/essentials
- @storybook/addon-interactions@8.6.14 which depends on 8.6.14
 Repo: https://github.com/storybookjs/storybook/tree/next/code/addons/interactions
- @storybook/core-server@8.6.14 which depends on ^8.2.0 || ^8.3.0-0 || ^8.4.0-0 || ^8.5.0-0 || ^8.6.0-0
 Repo: https://github.com/storybookjs/storybook/tree/next/code/lib/core-server

Please consider updating your packages or contacting the maintainers for compatibility details.

For more on Storybook 9 compatibility, see the linked GitHub issue:
https://github.com/storybookjs/storybook/issues/30944
[06:09:02.293] [INFO] Storybook doctor is complete!
[06:09:02.293] [INFO] You can always recheck the health of your project(s) by running:
npx storybook doctor